**********
fileimage.py logfile(./tmp/fileimage.py_20210331-205023.log)
**********
1. IGNORED ***  : ./test/cp-preserve.txt
2. ADDED        : ./test/IMG_0095.HEIC +> ./tmp/2019/2019-02-09/IMG_0095.HEIC
3. ADDED        : ./test/IMG_7937.HEIC +> ./tmp/2021/2021-01-23/IMG_7937.HEIC
4. ADDED        : ./test/IMG_7937a.HEIC +> ./tmp/2021/2021-01-23/IMG_7937a.HEIC
5. IGNORED ***  : ./test/README.md
6. IGNORED ***  : ./test/stackovrflw-post
7. ADDED        : ./test/subdir-1/IMG_0047.dng +> ./tmp/2019/2019-01-27/IMG_0047.dng
8. ADDED        : ./test/subdir-1/IMG_0613.m4v +> ./tmp/2019/2019-09-05/IMG_0613.m4v
9. ADDED        : ./test/subdir-1/IMG_2646.jpg +> ./tmp/2017/2017-09-11/IMG_2646.jpg
10. NO-DATE ADD  : ./test/subdir-1/IMG_4445.PNG +> ./tmp/No-Capture-Date/IMG_4445.PNG
11. ADDED        : ./test/subdir-1/IMG_4449.MOV +> ./tmp/2020/2020-02-11/IMG_4449.MOV
12. IGNORED ***  : ./test/subdir-1/README.md
13. ADDED        : ./test/subdir-2/20170414_184453.jpg +> ./tmp/2017/2017-04-14/20170414_184453.jpg
14. ADDED        : ./test/subdir-2/20170414_184515.jpg +> ./tmp/2017/2017-04-14/20170414_184515.jpg
15. DUP FILE+DATE: ./test/subdir-2/IMG_2646.jpg == ./tmp/2017/2017-09-11/IMG_2646.jpg
16. IGNORED ***  : ./test/test-2/README.md
17. IGNORED ***  : ./test/test-2/regex.py
18. IGNORED ***  : ./test/test-2/stackovrflw-post
**********
Source:      ./test
Destination: ./tmp
Logfile:     ./tmp/fileimage.py_20210331-205023.log
 
All Files=18
- Added=9
- Duplicates=1: Same-Date=1 Same-File-Name=0
- No-Capture-Date=1: Added=1 Same-File-Name=0
Ignored=7
 
*** Warning - DUPLICATES FOUND!
    please >>> grep DUP ./tmp/fileimage.py_20210331-205023.log <<< for duplicated files
 
Elapsed Time: 0:00:06.279608
*** Done! ***
 
